
[2026-04-15 14:48:48.602049] STARTING AUDIT: https://example.com/testtool123 (requested by user@example.com)
[2026-04-15 14:48:48.605923] Step 1: Running Agent Scan...
[2026-04-15 14:48:57.578164] Step 2: Agent Scan Complete. Name: Unnamed AI Tool. Trust Score: 1
[2026-04-15 14:48:57.578825] Step 3: Embedding + Saving to Vault (is_active=0)...
[2026-04-15 14:48:57.965939] SUCCESS: Tool Unnamed AI Tool is now in the review queue.

[2026-04-15 14:49:55.251355] STARTING AUDIT: https://example.com/testtool123 (suggested name: TestTool123, requested by user@example.com)
[2026-04-15 14:49:55.255674] Step 1: Running Agent Scan...
[2026-04-15 14:50:02.439206] FAIL: Auditor returned error: 503 UNAVAILABLE. {'error': {'code': 503, 'message': 'This model is currently experiencing high demand. Spikes in demand are usually temporary. Please try again later.', 'status': 'UNAVAILABLE'}}

[2026-04-15 14:50:27.123673] STARTING AUDIT: https://example.com/testtool123 (suggested name: TestTool123, requested by user@example.com)
[2026-04-15 14:50:27.128140] Step 1: Running Agent Scan...
[2026-04-15 14:50:27.128625] Step 2: Agent Scan Complete. Name: TestTool123 (AI target: Unnamed AI Tool). Trust Score: 85
[2026-04-15 14:50:27.128992] Step 3: Embedding + Saving to Vault (is_active=0)...
[2026-04-15 14:50:27.527606] SUCCESS: Tool TestTool123 is now in the review queue.

[2026-04-15 14:50:27.573083] STARTING AUDIT: https://example.com/testtool123 (suggested name: TestToolReject456, requested by user@example.com)
[2026-04-15 14:50:27.578262] Step 1: Running Agent Scan...
[2026-04-15 14:50:27.578615] Step 2: Agent Scan Complete. Name: TestToolReject456 (AI target: Unnamed AI Tool). Trust Score: 85
[2026-04-15 14:50:27.578913] Step 3: Embedding + Saving to Vault (is_active=0)...
[2026-04-15 14:50:27.990181] SUCCESS: Tool TestToolReject456 is now in the review queue.

[2026-04-15 23:08:41.991999] [SYSTEM] Aether Kernel Online - Command Center Linked

[2026-04-16 18:01:04.655598] [SYSTEM] Aether Kernel Online - Command Center Linked
